VirtualBox GUI VM Selector Window 5.0.14_OSE r105127 linux.amd64 (Jan 22 2016 00:45:18) release log
00:00:02.538801 Log opened 2016-02-16T16:02:00.619774000Z
00:00:02.538804 Build Type: release
00:00:02.538810 OS Product: Linux
00:00:02.538812 OS Release: 4.4.1-2-ARCH
00:00:02.538814 OS Version: #1 SMP PREEMPT Wed Feb 3 13:12:33 UTC 2016
00:00:02.538858 DMI Product Name: HP 355 G2
00:00:02.538875 DMI Product Version: 0998100000000010000600007
00:00:02.538985 Host RAM: 6943MB total, 6741MB available
00:00:02.538990 Executable: /usr/lib/virtualbox/VirtualBox
00:00:02.538991 Process ID: 931
00:00:02.538992 Package type: LINUX_64BITS_GENERIC (OSE)
00:00:02.563558 GUI: UIMediumEnumerator: Medium-enumeration started...
00:00:03.302194 GUI: UISelectorWindow: Geometry loaded to: Origin=0x18, Size=1366x750
00:00:03.736856 GUI: UIMediumEnumerator: Medium-enumeration finished!
00:00:03.818543 Failed to open "/dev/vboxdrv", errno=2, rc=VERR_VM_DRIVER_NOT_INSTALLED
00:00:12.764523 GUI: UIMediumEnumerator: Machine unregistration event received, ID = 9a1e14f7-6e78-453c-9863-ce12181bb974
00:00:12.764631 GUI: UIMediumEnumerator:  Old usage: <empty>
00:00:12.764646 GUI: UIMediumEnumerator: Machine unregistration event processed, ID = 9a1e14f7-6e78-453c-9863-ce12181bb974
00:00:14.569640 GUI: UIMediumEnumerator: Medium-enumeration started...
00:00:14.639989 GUI: UIMediumEnumerator: Medium-enumeration finished!
00:01:34.947717 GUI: UIMediumEnumerator: Medium with key={ddb45782-dd18-445d-aefc-2b47fcaca988} created
00:01:35.383299 GUI: UIMediumEnumerator: Machine registration event received, ID = 772f3b9e-30c3-47b6-adb3-0809e8234927
00:01:35.386550 GUI: UIMediumEnumerator:  New usage: ddb45782-dd18-445d-aefc-2b47fcaca988
00:01:35.386685 GUI: UIMediumEnumerator: Machine registration event processed, ID = 772f3b9e-30c3-47b6-adb3-0809e8234927
00:01:35.425342 GUI: UIMediumEnumerator: Machine (or snapshot) event received, ID = 772f3b9e-30c3-47b6-adb3-0809e8234927
00:01:35.425402 GUI: UIMediumEnumerator:  Old usage: <empty>
00:01:35.427203 GUI: UIMediumEnumerator:  New usage: ddb45782-dd18-445d-aefc-2b47fcaca988
00:01:35.427228 GUI: UIMediumEnumerator:  Items currently in usage: ddb45782-dd18-445d-aefc-2b47fcaca988
00:01:35.427290 GUI: UIMediumEnumerator: Machine (or snapshot) event processed, ID = 772f3b9e-30c3-47b6-adb3-0809e8234927
00:01:35.447718 GUI: UIMediumEnumerator: Medium-enumeration finished!
00:01:42.920556 ERROR [COM]: aRC=NS_ERROR_UNEXPECTED (0x8000ffff) aIID={7844aa05-b02e-4cdd-a04f-ade4a762e6b7} aComponent={SessionWrap} aText={The session is not locked (session state: Unlocked)}, preserve=false aResultDetail=0
00:02:10.526222 GUI: UIMediumEnumerator: Medium-enumeration started...
00:02:10.543118 GUI: UIMediumEnumerator: Medium-enumeration finished!
00:02:15.466191 GUI: UISelectorWindow: Geometry saved as: Origin=0x18, Size=683x750
