VirtualBox XPCOM Server 5.0.14_OSE r105127 linux.amd64 (Jan 22 2016 00:45:18) release log
00:00:00.022163 main     Log opened 2016-02-16T16:01:59.858066000Z
00:00:00.022171 main     Build Type: release
00:00:00.022185 main     OS Product: Linux
00:00:00.022189 main     OS Release: 4.4.1-2-ARCH
00:00:00.022192 main     OS Version: #1 SMP PREEMPT Wed Feb 3 13:12:33 UTC 2016
00:00:00.022293 main     DMI Product Name: HP 355 G2
00:00:00.022338 main     DMI Product Version: 0998100000000010000600007
00:00:00.022548 main     Host RAM: 6943MB total, 6746MB available
00:00:00.022559 main     Executable: /usr/lib/virtualbox/VBoxSVC
00:00:00.022561 main     Process ID: 969
00:00:00.022563 main     Package type: LINUX_64BITS_GENERIC (OSE)
00:00:00.197056 nspr-2   Home directory: '/home/shibari/.config/VirtualBox'
00:00:00.214446 nspr-2   Loading settings file "/home/shibari/.config/VirtualBox/VirtualBox.xml" with version "1.12-linux"
00:00:00.252672 nspr-2   NetIfAdpCtlOut: VBoxNetAdpCtl: Error while retrieving link speed for wlo1: VBoxNetAdpCtl: ioctl failed: Operation not supported
00:00:00.288366 nspr-2   HostDnsMonitor: old information
00:00:00.288409 nspr-2     no server entries
00:00:00.288419 nspr-2     no search string entries
00:00:00.288428 nspr-2     no domain set
00:00:00.288435 nspr-2   HostDnsMonitor: new information
00:00:00.288443 nspr-2     server 1: 192.168.1.1
00:00:00.288453 nspr-2     no search string entries
00:00:00.288461 nspr-2     no domain set
00:00:00.288477 nspr-2   HostDnsMonitorProxy::notify
00:00:00.292320 nspr-2   Failed to open "/dev/vboxdrvu", errno=2, rc=VERR_VM_DRIVER_NOT_INSTALLED
00:00:00.376416 nspr-2   VD: VDInit finished
00:00:00.388270 nspr-2   ERROR [COM]: aRC=NS_ERROR_FAILURE (0x80004005) aIID={0eb668d2-495e-5a36-8890-29999b5f030c} aComponent={SystemPropertiesWrap} aText={Cannot determine default Guest Additions ISO location. Most likely they are not available}, preserve=false aResultDetail=0
00:00:00.459507 nspr-2   ERROR [COM]: aRC=NS_ERROR_FAILURE (0x80004005) aIID={f30138d4-e5ea-4b3a-8858-a059de4c93fd} aComponent={MachineWrap} aText={Runtime error opening '/home/shibari/VirtualBox VMs/win8.1/win8.1.vbox' for reading: -38(Access denied.).
00:00:00.459533 nspr-2   /build/virtualbox/src/VirtualBox-5.0.14/src/VBox/Main/src-server/MachineImpl.cpp[740] (nsresult Machine::i_registeredInit())}, preserve=false aResultDetail=0
00:00:01.441654 nspr-2   ERROR [COM]: aRC=NS_ERROR_FAILURE (0x80004005) aIID={f30138d4-e5ea-4b3a-8858-a059de4c93fd} aComponent={MachineWrap} aText={Runtime error opening '/home/shibari/VirtualBox VMs/win8.1/win8.1.vbox' for reading: -38(Access denied.).
00:00:01.441669 nspr-2   /build/virtualbox/src/VirtualBox-5.0.14/src/VBox/Main/src-server/MachineImpl.cpp[740] (nsresult Machine::i_registeredInit())}, preserve=false aResultDetail=0
00:00:01.442229 nspr-2   ERROR [COM]: aRC=NS_ERROR_FAILURE (0x80004005) aIID={f30138d4-e5ea-4b3a-8858-a059de4c93fd} aComponent={MachineWrap} aText={Runtime error opening '/home/shibari/VirtualBox VMs/win8.1/win8.1.vbox' for reading: -38(Access denied.).
00:00:01.442235 nspr-2   /build/virtualbox/src/VirtualBox-5.0.14/src/VBox/Main/src-server/MachineImpl.cpp[740] (nsresult Machine::i_registeredInit())}, preserve=false aResultDetail=0
00:00:01.456470 nspr-2   ERROR [COM]: aRC=NS_ERROR_FAILURE (0x80004005) aIID={f30138d4-e5ea-4b3a-8858-a059de4c93fd} aComponent={MachineWrap} aText={Runtime error opening '/home/shibari/VirtualBox VMs/win8.1/win8.1.vbox' for reading: -38(Access denied.).
00:00:01.456494 nspr-2   /build/virtualbox/src/VirtualBox-5.0.14/src/VBox/Main/src-server/MachineImpl.cpp[740] (nsresult Machine::i_registeredInit())}, preserve=false aResultDetail=0
00:00:01.479322 nspr-2   ERROR [COM]: aRC=E_ACCESSDENIED (0x80070005) aIID={f30138d4-e5ea-4b3a-8858-a059de4c93fd} aComponent={MachineWrap} aText={The object functionality is limited}, preserve=false aResultDetail=0
00:00:01.479384 nspr-2   ERROR [COM]: aRC=VBOX_E_OBJECT_NOT_FOUND (0x80bb0001) aIID={0169423f-46b4-cde9-91af-1e9d5b6cd945} aComponent={VirtualBoxWrap} aText={Could not find a registered machine named 'win8.1'}, preserve=false aResultDetail=0
00:00:01.984549 nspr-2   ERROR [COM]: aRC=E_ACCESSDENIED (0x80070005) aIID={f30138d4-e5ea-4b3a-8858-a059de4c93fd} aComponent={MachineWrap} aText={The object functionality is limited}, preserve=false aResultDetail=0
00:00:02.190739 nspr-2   ERROR [COM]: aRC=NS_ERROR_FAILURE (0x80004005) aIID={f30138d4-e5ea-4b3a-8858-a059de4c93fd} aComponent={MachineWrap} aText={Runtime error opening '/home/shibari/VirtualBox VMs/win8.1/win8.1.vbox' for reading: -38(Access denied.).
00:00:02.190757 nspr-2   /build/virtualbox/src/VirtualBox-5.0.14/src/VBox/Main/src-server/MachineImpl.cpp[740] (nsresult Machine::i_registeredInit())}, preserve=false aResultDetail=0
00:00:02.201384 nspr-2   ERROR [COM]: aRC=NS_ERROR_FAILURE (0x80004005) aIID={f30138d4-e5ea-4b3a-8858-a059de4c93fd} aComponent={MachineWrap} aText={Runtime error opening '/home/shibari/VirtualBox VMs/win8.1/win8.1.vbox' for reading: -38(Access denied.).
00:00:02.201404 nspr-2   /build/virtualbox/src/VirtualBox-5.0.14/src/VBox/Main/src-server/MachineImpl.cpp[740] (nsresult Machine::i_registeredInit())}, preserve=false aResultDetail=0
00:00:02.277929 nspr-2   ERROR [COM]: aRC=NS_ERROR_FAILURE (0x80004005) aIID={f30138d4-e5ea-4b3a-8858-a059de4c93fd} aComponent={MachineWrap} aText={Runtime error opening '/home/shibari/VirtualBox VMs/win8.1/win8.1.vbox' for reading: -38(Access denied.).
00:00:02.277944 nspr-2   /build/virtualbox/src/VirtualBox-5.0.14/src/VBox/Main/src-server/MachineImpl.cpp[740] (nsresult Machine::i_registeredInit())}, preserve=false aResultDetail=0
00:00:02.278334 nspr-2   ERROR [COM]: aRC=E_ACCESSDENIED (0x80070005) aIID={f30138d4-e5ea-4b3a-8858-a059de4c93fd} aComponent={MachineWrap} aText={The object functionality is limited}, preserve=false aResultDetail=0
00:00:02.279697 nspr-2   ERROR [COM]: aRC=E_ACCESSDENIED (0x80070005) aIID={f30138d4-e5ea-4b3a-8858-a059de4c93fd} aComponent={MachineWrap} aText={The object functionality is limited}, preserve=false aResultDetail=0
00:00:02.281327 nspr-2   ERROR [COM]: aRC=E_ACCESSDENIED (0x80070005) aIID={f30138d4-e5ea-4b3a-8858-a059de4c93fd} aComponent={MachineWrap} aText={The object functionality is limited}, preserve=false aResultDetail=0
00:00:02.282727 nspr-2   ERROR [COM]: aRC=E_ACCESSDENIED (0x80070005) aIID={f30138d4-e5ea-4b3a-8858-a059de4c93fd} aComponent={MachineWrap} aText={The object functionality is limited}, preserve=false aResultDetail=0
00:00:02.286387 nspr-2   ERROR [COM]: aRC=NS_ERROR_FAILURE (0x80004005) aIID={f30138d4-e5ea-4b3a-8858-a059de4c93fd} aComponent={MachineWrap} aText={Runtime error opening '/home/shibari/VirtualBox VMs/win8.1/win8.1.vbox' for reading: -38(Access denied.).
00:00:02.286402 nspr-2   /build/virtualbox/src/VirtualBox-5.0.14/src/VBox/Main/src-server/MachineImpl.cpp[740] (nsresult Machine::i_registeredInit())}, preserve=false aResultDetail=0
00:00:02.289229 nspr-2   ERROR [COM]: aRC=NS_ERROR_FAILURE (0x80004005) aIID={f30138d4-e5ea-4b3a-8858-a059de4c93fd} aComponent={MachineWrap} aText={Runtime error opening '/home/shibari/VirtualBox VMs/win8.1/win8.1.vbox' for reading: -38(Access denied.).
00:00:02.289244 nspr-2   /build/virtualbox/src/VirtualBox-5.0.14/src/VBox/Main/src-server/MachineImpl.cpp[740] (nsresult Machine::i_registeredInit())}, preserve=false aResultDetail=0
00:00:02.291925 nspr-2   ERROR [COM]: aRC=NS_ERROR_FAILURE (0x80004005) aIID={f30138d4-e5ea-4b3a-8858-a059de4c93fd} aComponent={MachineWrap} aText={Runtime error opening '/home/shibari/VirtualBox VMs/win8.1/win8.1.vbox' for reading: -38(Access denied.).
00:00:02.291940 nspr-2   /build/virtualbox/src/VirtualBox-5.0.14/src/VBox/Main/src-server/MachineImpl.cpp[740] (nsresult Machine::i_registeredInit())}, preserve=false aResultDetail=0
00:00:02.294220 nspr-2   ERROR [COM]: aRC=NS_ERROR_FAILURE (0x80004005) aIID={f30138d4-e5ea-4b3a-8858-a059de4c93fd} aComponent={MachineWrap} aText={Runtime error opening '/home/shibari/VirtualBox VMs/win8.1/win8.1.vbox' for reading: -38(Access denied.).
00:00:02.294234 nspr-2   /build/virtualbox/src/VirtualBox-5.0.14/src/VBox/Main/src-server/MachineImpl.cpp[740] (nsresult Machine::i_registeredInit())}, preserve=false aResultDetail=0
00:00:02.298212 nspr-2   ERROR [COM]: aRC=NS_ERROR_FAILURE (0x80004005) aIID={f30138d4-e5ea-4b3a-8858-a059de4c93fd} aComponent={MachineWrap} aText={Runtime error opening '/home/shibari/VirtualBox VMs/win8.1/win8.1.vbox' for reading: -38(Access denied.).
00:00:02.298226 nspr-2   /build/virtualbox/src/VirtualBox-5.0.14/src/VBox/Main/src-server/MachineImpl.cpp[740] (nsresult Machine::i_registeredInit())}, preserve=false aResultDetail=0
00:00:02.302338 nspr-2   ERROR [COM]: aRC=NS_ERROR_FAILURE (0x80004005) aIID={f30138d4-e5ea-4b3a-8858-a059de4c93fd} aComponent={MachineWrap} aText={Runtime error opening '/home/shibari/VirtualBox VMs/win8.1/win8.1.vbox' for reading: -38(Access denied.).
00:00:02.302361 nspr-2   /build/virtualbox/src/VirtualBox-5.0.14/src/VBox/Main/src-server/MachineImpl.cpp[740] (nsresult Machine::i_registeredInit())}, preserve=false aResultDetail=0
00:00:09.233308 nspr-3   ERROR [COM]: aRC=NS_ERROR_FAILURE (0x80004005) aIID={f30138d4-e5ea-4b3a-8858-a059de4c93fd} aComponent={MachineWrap} aText={Runtime error opening '/home/shibari/VirtualBox VMs/win8.1/win8.1.vbox' for reading: -38(Access denied.).
00:00:09.233342 nspr-3   /build/virtualbox/src/VirtualBox-5.0.14/src/VBox/Main/src-server/MachineImpl.cpp[740] (nsresult Machine::i_registeredInit())}, preserve=false aResultDetail=0
00:00:12.742513 nspr-2   Failed to open "/dev/vboxdrvu", errno=2, rc=VERR_VM_DRIVER_NOT_INSTALLED
00:00:12.782662 nspr-2   Failed to open "/dev/vboxdrvu", errno=2, rc=VERR_VM_DRIVER_NOT_INSTALLED
00:01:33.402796 nspr-3   WARNING [COM]: aRC=NS_ERROR_FAILURE (0x80004005) aIID={afca788c-4477-787d-60b2-3fa70e56fbbc} aComponent={HostWrap} aText={VirtualBox is not currently allowed to access USB devices.  You can change this by adding your user to the 'vboxusers' group.  Please see the user manual for a more detailed explanation}, preserve=true  aResultDetail=0
00:01:33.629004 nspr-2   ERROR [COM]: aRC=NS_ERROR_FAILURE (0x80004005) aIID={f30138d4-e5ea-4b3a-8858-a059de4c93fd} aComponent={MachineWrap} aText={This machine does not have any snapshots}, preserve=false aResultDetail=0
00:01:33.690420 nspr-2   WARNING [COM]: aRC=NS_ERROR_FAILURE (0x80004005) aIID={afca788c-4477-787d-60b2-3fa70e56fbbc} aComponent={HostWrap} aText={VirtualBox is not currently allowed to access USB devices.  You can change this by adding your user to the 'vboxusers' group.  Please see the user manual for a more detailed explanation}, preserve=true  aResultDetail=0
00:01:33.724360 nspr-3   Failed to open "/dev/vboxdrvu", errno=2, rc=VERR_VM_DRIVER_NOT_INSTALLED
00:01:33.857996 nspr-3   WARNING [COM]: aRC=NS_ERROR_FAILURE (0x80004005) aIID={afca788c-4477-787d-60b2-3fa70e56fbbc} aComponent={HostWrap} aText={VirtualBox is not currently allowed to access USB devices.  You can change this by adding your user to the 'vboxusers' group.  Please see the user manual for a more detailed explanation}, preserve=true  aResultDetail=0
00:01:33.860158 nspr-3   WARNING [COM]: aRC=NS_ERROR_FAILURE (0x80004005) aIID={afca788c-4477-787d-60b2-3fa70e56fbbc} aComponent={HostWrap} aText={VirtualBox is not currently allowed to access USB devices.  You can change this by adding your user to the 'vboxusers' group.  Please see the user manual for a more detailed explanation}, preserve=true  aResultDetail=0
00:01:33.861944 nspr-2   WARNING [COM]: aRC=NS_ERROR_FAILURE (0x80004005) aIID={afca788c-4477-787d-60b2-3fa70e56fbbc} aComponent={HostWrap} aText={VirtualBox is not currently allowed to access USB devices.  You can change this by adding your user to the 'vboxusers' group.  Please see the user manual for a more detailed explanation}, preserve=true  aResultDetail=0
00:01:35.701352 nspr-3   Failed to open "/dev/vboxdrvu", errno=2, rc=VERR_VM_DRIVER_NOT_INSTALLED
00:01:35.729898 nspr-2   WARNING [COM]: aRC=NS_ERROR_FAILURE (0x80004005) aIID={afca788c-4477-787d-60b2-3fa70e56fbbc} aComponent={HostWrap} aText={VirtualBox is not currently allowed to access USB devices.  You can change this by adding your user to the 'vboxusers' group.  Please see the user manual for a more detailed explanation}, preserve=true  aResultDetail=0
00:01:35.732142 nspr-2   WARNING [COM]: aRC=NS_ERROR_FAILURE (0x80004005) aIID={afca788c-4477-787d-60b2-3fa70e56fbbc} aComponent={HostWrap} aText={VirtualBox is not currently allowed to access USB devices.  You can change this by adding your user to the 'vboxusers' group.  Please see the user manual for a more detailed explanation}, preserve=true  aResultDetail=0
00:01:35.733758 nspr-3   WARNING [COM]: aRC=NS_ERROR_FAILURE (0x80004005) aIID={afca788c-4477-787d-60b2-3fa70e56fbbc} aComponent={HostWrap} aText={VirtualBox is not currently allowed to access USB devices.  You can change this by adding your user to the 'vboxusers' group.  Please see the user manual for a more detailed explanation}, preserve=true  aResultDetail=0
00:01:36.162231 Watcher  ERROR [COM]: aRC=NS_ERROR_FAILURE (0x80004005) aIID={f30138d4-e5ea-4b3a-8858-a059de4c93fd} aComponent={MachineWrap} aText={The virtual machine 'WeakerThan' has terminated unexpectedly during startup with exit code 1 (0x1)}, preserve=false aResultDetail=0
00:01:36.193941 nspr-2   Failed to open "/dev/vboxdrvu", errno=2, rc=VERR_VM_DRIVER_NOT_INSTALLED
00:01:36.228914 nspr-2   WARNING [COM]: aRC=NS_ERROR_FAILURE (0x80004005) aIID={afca788c-4477-787d-60b2-3fa70e56fbbc} aComponent={HostWrap} aText={VirtualBox is not currently allowed to access USB devices.  You can change this by adding your user to the 'vboxusers' group.  Please see the user manual for a more detailed explanation}, preserve=true  aResultDetail=0
00:01:36.231315 nspr-3   WARNING [COM]: aRC=NS_ERROR_FAILURE (0x80004005) aIID={afca788c-4477-787d-60b2-3fa70e56fbbc} aComponent={HostWrap} aText={VirtualBox is not currently allowed to access USB devices.  You can change this by adding your user to the 'vboxusers' group.  Please see the user manual for a more detailed explanation}, preserve=true  aResultDetail=0
00:01:36.233355 nspr-2   WARNING [COM]: aRC=NS_ERROR_FAILURE (0x80004005) aIID={afca788c-4477-787d-60b2-3fa70e56fbbc} aComponent={HostWrap} aText={VirtualBox is not currently allowed to access USB devices.  You can change this by adding your user to the 'vboxusers' group.  Please see the user manual for a more detailed explanation}, preserve=true  aResultDetail=0
00:01:59.933809 nspr-2   WARNING [COM]: aRC=NS_ERROR_FAILURE (0x80004005) aIID={afca788c-4477-787d-60b2-3fa70e56fbbc} aComponent={HostWrap} aText={VirtualBox is not currently allowed to access USB devices.  You can change this by adding your user to the 'vboxusers' group.  Please see the user manual for a more detailed explanation}, preserve=true  aResultDetail=0
00:01:59.935767 nspr-2   WARNING [COM]: aRC=NS_ERROR_FAILURE (0x80004005) aIID={afca788c-4477-787d-60b2-3fa70e56fbbc} aComponent={HostWrap} aText={VirtualBox is not currently allowed to access USB devices.  You can change this by adding your user to the 'vboxusers' group.  Please see the user manual for a more detailed explanation}, preserve=true  aResultDetail=0
00:01:59.937560 nspr-3   WARNING [COM]: aRC=NS_ERROR_FAILURE (0x80004005) aIID={afca788c-4477-787d-60b2-3fa70e56fbbc} aComponent={HostWrap} aText={VirtualBox is not currently allowed to access USB devices.  You can change this by adding your user to the 'vboxusers' group.  Please see the user manual for a more detailed explanation}, preserve=true  aResultDetail=0
00:02:00.244743 nspr-3   WARNING [COM]: aRC=NS_ERROR_FAILURE (0x80004005) aIID={afca788c-4477-787d-60b2-3fa70e56fbbc} aComponent={HostWrap} aText={VirtualBox is not currently allowed to access USB devices.  You can change this by adding your user to the 'vboxusers' group.  Please see the user manual for a more detailed explanation}, preserve=true  aResultDetail=0
00:02:00.247086 nspr-3   WARNING [COM]: aRC=NS_ERROR_FAILURE (0x80004005) aIID={afca788c-4477-787d-60b2-3fa70e56fbbc} aComponent={HostWrap} aText={VirtualBox is not currently allowed to access USB devices.  You can change this by adding your user to the 'vboxusers' group.  Please see the user manual for a more detailed explanation}, preserve=true  aResultDetail=0
00:02:00.248779 nspr-2   WARNING [COM]: aRC=NS_ERROR_FAILURE (0x80004005) aIID={afca788c-4477-787d-60b2-3fa70e56fbbc} aComponent={HostWrap} aText={VirtualBox is not currently allowed to access USB devices.  You can change this by adding your user to the 'vboxusers' group.  Please see the user manual for a more detailed explanation}, preserve=true  aResultDetail=0
00:02:00.279949 nspr-3   WARNING [COM]: aRC=NS_ERROR_FAILURE (0x80004005) aIID={afca788c-4477-787d-60b2-3fa70e56fbbc} aComponent={HostWrap} aText={VirtualBox is not currently allowed to access USB devices.  You can change this by adding your user to the 'vboxusers' group.  Please see the user manual for a more detailed explanation}, preserve=true  aResultDetail=0
00:02:00.284970 nspr-2   WARNING [COM]: aRC=NS_ERROR_FAILURE (0x80004005) aIID={afca788c-4477-787d-60b2-3fa70e56fbbc} aComponent={HostWrap} aText={VirtualBox is not currently allowed to access USB devices.  You can change this by adding your user to the 'vboxusers' group.  Please see the user manual for a more detailed explanation}, preserve=true  aResultDetail=0
00:02:00.286086 nspr-2   ERROR [COM]: aRC=VBOX_E_OBJECT_NOT_FOUND (0x80bb0001) aIID={edba9d10-45d8-b440-1712-46ac0c9bc4c5} aComponent={ExtPackManagerWrap} aText={No extension pack by the name 'Oracle VM VirtualBox Extension Pack' was found}, preserve=false aResultDetail=0
00:02:00.346115 nspr-3   WARNING [COM]: aRC=NS_ERROR_FAILURE (0x80004005) aIID={afca788c-4477-787d-60b2-3fa70e56fbbc} aComponent={HostWrap} aText={VirtualBox is not currently allowed to access USB devices.  You can change this by adding your user to the 'vboxusers' group.  Please see the user manual for a more detailed explanation}, preserve=true  aResultDetail=0
00:02:00.348217 nspr-2   WARNING [COM]: aRC=NS_ERROR_FAILURE (0x80004005) aIID={afca788c-4477-787d-60b2-3fa70e56fbbc} aComponent={HostWrap} aText={VirtualBox is not currently allowed to access USB devices.  You can change this by adding your user to the 'vboxusers' group.  Please see the user manual for a more detailed explanation}, preserve=true  aResultDetail=0
00:02:00.373028 nspr-3   ERROR [COM]: aRC=VBOX_E_IPRT_ERROR (0x80bb0005) aIID={f30138d4-e5ea-4b3a-8858-a059de4c93fd} aComponent={SessionMachine} aText={Saved screenshot data is not available (VERR_NOT_SUPPORTED)}, preserve=false aResultDetail=0
00:02:00.397493 nspr-2   NetIfAdpCtlOut: VBoxNetAdpCtl: Error while retrieving link speed for wlo1: VBoxNetAdpCtl: ioctl failed: Operation not supported
00:02:08.838636 nspr-3   WARNING [COM]: aRC=NS_ERROR_FAILURE (0x80004005) aIID={afca788c-4477-787d-60b2-3fa70e56fbbc} aComponent={HostWrap} aText={VirtualBox is not currently allowed to access USB devices.  You can change this by adding your user to the 'vboxusers' group.  Please see the user manual for a more detailed explanation}, preserve=true  aResultDetail=0
00:02:08.841305 nspr-2   WARNING [COM]: aRC=NS_ERROR_FAILURE (0x80004005) aIID={afca788c-4477-787d-60b2-3fa70e56fbbc} aComponent={HostWrap} aText={VirtualBox is not currently allowed to access USB devices.  You can change this by adding your user to the 'vboxusers' group.  Please see the user manual for a more detailed explanation}, preserve=true  aResultDetail=0
00:02:08.843113 nspr-2   WARNING [COM]: aRC=NS_ERROR_FAILURE (0x80004005) aIID={afca788c-4477-787d-60b2-3fa70e56fbbc} aComponent={HostWrap} aText={VirtualBox is not currently allowed to access USB devices.  You can change this by adding your user to the 'vboxusers' group.  Please see the user manual for a more detailed explanation}, preserve=true  aResultDetail=0
00:02:08.843995 nspr-3   WARNING [COM]: aRC=NS_ERROR_FAILURE (0x80004005) aIID={afca788c-4477-787d-60b2-3fa70e56fbbc} aComponent={HostWrap} aText={VirtualBox is not currently allowed to access USB devices.  You can change this by adding your user to the 'vboxusers' group.  Please see the user manual for a more detailed explanation}, preserve=true  aResultDetail=0
00:02:09.678987 nspr-3   WARNING [COM]: aRC=NS_ERROR_FAILURE (0x80004005) aIID={afca788c-4477-787d-60b2-3fa70e56fbbc} aComponent={HostWrap} aText={VirtualBox is not currently allowed to access USB devices.  You can change this by adding your user to the 'vboxusers' group.  Please see the user manual for a more detailed explanation}, preserve=true  aResultDetail=0
00:02:09.682281 nspr-3   WARNING [COM]: aRC=NS_ERROR_FAILURE (0x80004005) aIID={afca788c-4477-787d-60b2-3fa70e56fbbc} aComponent={HostWrap} aText={VirtualBox is not currently allowed to access USB devices.  You can change this by adding your user to the 'vboxusers' group.  Please see the user manual for a more detailed explanation}, preserve=true  aResultDetail=0
00:02:09.684209 nspr-2   WARNING [COM]: aRC=NS_ERROR_FAILURE (0x80004005) aIID={afca788c-4477-787d-60b2-3fa70e56fbbc} aComponent={HostWrap} aText={VirtualBox is not currently allowed to access USB devices.  You can change this by adding your user to the 'vboxusers' group.  Please see the user manual for a more detailed explanation}, preserve=true  aResultDetail=0
00:08:56.442054 nspr-3   ERROR [COM]: aRC=VBOX_E_IPRT_ERROR (0x80bb0005) aIID={f30138d4-e5ea-4b3a-8858-a059de4c93fd} aComponent={SessionMachine} aText={Saved screenshot data is not available (VERR_NOT_SUPPORTED)}, preserve=false aResultDetail=0
00:09:00.899797 nspr-4   WARNING [COM]: aRC=NS_ERROR_FAILURE (0x80004005) aIID={afca788c-4477-787d-60b2-3fa70e56fbbc} aComponent={HostWrap} aText={VirtualBox is not currently allowed to access USB devices.  You can change this by adding your user to the 'vboxusers' group.  Please see the user manual for a more detailed explanation}, preserve=true  aResultDetail=0
00:09:00.901570 nspr-4   WARNING [COM]: aRC=NS_ERROR_FAILURE (0x80004005) aIID={afca788c-4477-787d-60b2-3fa70e56fbbc} aComponent={HostWrap} aText={VirtualBox is not currently allowed to access USB devices.  You can change this by adding your user to the 'vboxusers' group.  Please see the user manual for a more detailed explanation}, preserve=true  aResultDetail=0
00:09:00.920322 nspr-4   ERROR [COM]: aRC=VBOX_E_IPRT_ERROR (0x80bb0005) aIID={f30138d4-e5ea-4b3a-8858-a059de4c93fd} aComponent={SessionMachine} aText={Saved screenshot data is not available (VERR_NOT_SUPPORTED)}, preserve=false aResultDetail=0
00:09:00.973734 nspr-2   WARNING [COM]: aRC=NS_ERROR_FAILURE (0x80004005) aIID={afca788c-4477-787d-60b2-3fa70e56fbbc} aComponent={HostWrap} aText={VirtualBox is not currently allowed to access USB devices.  You can change this by adding your user to the 'vboxusers' group.  Please see the user manual for a more detailed explanation}, preserve=true  aResultDetail=0
00:09:00.975596 nspr-2   WARNING [COM]: aRC=NS_ERROR_FAILURE (0x80004005) aIID={afca788c-4477-787d-60b2-3fa70e56fbbc} aComponent={HostWrap} aText={VirtualBox is not currently allowed to access USB devices.  You can change this by adding your user to the 'vboxusers' group.  Please see the user manual for a more detailed explanation}, preserve=true  aResultDetail=0
00:09:29.806734 main     ERROR [COM]: aRC=VBOX_E_OBJECT_IN_USE (0x80bb000c) aIID={4afe423b-43e0-e9d0-82e8-ceb307940dda} aComponent={MediumWrap} aText={Medium '/home/shibari/VirtualBox VMs/WeakerThan/WeakerThan.vdi' cannot be closed because it is still attached to 1 virtual machines}, preserve=false aResultDetail=0
00:09:30.297949 Watcher  ERROR [COM]: aRC=E_ACCESSDENIED (0x80070005) aIID={0169423f-46b4-cde9-91af-1e9d5b6cd945} aComponent={VirtualBoxWrap} aText={The object is not ready}, preserve=false aResultDetail=0
00:09:34.807819 main     {00007f4f44010f90} HostPowerServiceLinux::~HostPowerServiceLinux: RTThreadWait() for 5000 ms failed with VERR_TIMEOUT
